2021/08/19 10:22:51.230 [D] [authsrv.go:12]  Select by id and password SQL:  select id from hananoq_blog.blog_user where username = ? and password = ?
2021/08/19 10:22:51.373 [D] [server.go:2887]  |            ::1|[42m 200 [0m|   279.6522ms|   match|[46m POST    [0m /blog/auth/token   r:blogauth/token
2021/08/19 10:23:02.926 [D] [server.go:2887]  |            ::1|[42m 200 [0m|   146.1229ms|   match|[46m POST    [0m /blog/auth/token   r:blogauth/token
2021/08/19 10:23:30.095 [D] [server.go:2887]  |            ::1|[42m 200 [0m|   140.9856ms|   match|[46m POST    [0m /blog/auth/token   r:blogauth/token
2021/08/19 10:23:38.804 [D] [authsrv.go:12]  Select by id and password SQL:  select id from hananoq_blog.blog_user where username = ? and password = ?
2021/08/19 10:23:38.905 [D] [server.go:2887]  |            ::1|[42m 200 [0m|   147.8747ms|   match|[46m POST    [0m /blog/auth/token   r:blogauth/token
2021/08/19 10:32:32.987 [I] [asm_amd64.s:1371]  http server Running on http://:9696
2021/08/19 10:32:49.637 [D] [authsrv.go:12]  Select by id and password SQL:  select id from hananoq_blog.blog_user where username = ? and password = ?
2021/08/19 10:32:49.824 [D] [server.go:2887]  |            ::1|[42m 200 [0m|   234.3596ms|   match|[46m POST    [0m /blog/auth/token   r:blogauth/token
2021/08/19 10:32:56.869 [D] [server.go:2887]  |            ::1|[42m 200 [0m|    137.749ms|   match|[46m POST    [0m /blog/auth/token   r:blogauth/token
2021/08/19 10:33:01.626 [D] [server.go:2887]  |            ::1|[42m 200 [0m|   133.2543ms|   match|[46m POST    [0m /blog/auth/token   r:blogauth/token
2021/08/19 10:33:02.670 [D] [server.go:2887]  |            ::1|[42m 200 [0m|   146.3309ms|   match|[46m POST    [0m /blog/auth/token   r:blogauth/token
2021/08/19 10:33:21.007 [E] [oauth2.go:25]  invalid access token
2021/08/19 10:33:21.007 [E] [value.go:476]  err invalid access token map[]
2021/08/19 10:33:21.008 [D] [authsrv.go:12]  Select by id and password SQL:  select id from hananoq_blog.blog_user where username = ? and password = ?
2021/08/19 10:33:21.097 [D] [server.go:2887]  |            ::1|[42m 200 [0m|    226.289ms|   match|[46m POST    [0m /blog/auth/token   r:blogauth/token
2021/08/19 10:34:11.671 [I] [asm_amd64.s:1371]  http server Running on http://:9696
2021/08/19 10:34:19.929 [E] [oauth2.go:25]  invalid access token
2021/08/19 10:34:19.930 [E] [value.go:476]  err invalid access token map[]
2021/08/19 10:34:19.930 [D] [authsrv.go:12]  Select by id and password SQL:  select id from hananoq_blog.blog_user where username = ? and password = ?
2021/08/19 10:34:20.076 [D] [server.go:2887]  |            ::1|[42m 200 [0m|   285.4475ms|   match|[46m POST    [0m /blog/auth/token   r:blogauth/token
2021/08/19 10:34:25.795 [E] [oauth2.go:25]  invalid access token
2021/08/19 10:34:25.796 [E] [value.go:476]  err invalid access token map[]
2021/08/19 10:34:25.796 [D] [authsrv.go:12]  Select by id and password SQL:  select id from hananoq_blog.blog_user where username = ? and password = ?
2021/08/19 10:34:25.896 [D] [server.go:2887]  |            ::1|[42m 200 [0m|   191.2509ms|   match|[46m POST    [0m /blog/auth/token   r:blogauth/token
2021/08/19 10:34:26.784 [E] [oauth2.go:25]  invalid access token
2021/08/19 10:34:26.784 [E] [value.go:476]  err invalid access token map[]
2021/08/19 10:34:26.784 [D] [authsrv.go:12]  Select by id and password SQL:  select id from hananoq_blog.blog_user where username = ? and password = ?
2021/08/19 10:34:26.881 [D] [server.go:2887]  |            ::1|[42m 200 [0m|   190.7388ms|   match|[46m POST    [0m /blog/auth/token   r:blogauth/token
2021/08/19 10:34:27.544 [E] [oauth2.go:25]  invalid access token
2021/08/19 10:34:27.544 [E] [value.go:476]  err invalid access token map[]
2021/08/19 10:34:27.544 [D] [authsrv.go:12]  Select by id and password SQL:  select id from hananoq_blog.blog_user where username = ? and password = ?
2021/08/19 10:34:27.640 [D] [server.go:2887]  |            ::1|[42m 200 [0m|   204.2476ms|   match|[46m POST    [0m /blog/auth/token   r:blogauth/token
2021/08/19 10:34:52.770 [D] [server.go:2887]  |            ::1|[42m 200 [0m|   144.9449ms|   match|[46m POST    [0m /blog/auth/token   r:blogauth/token
2021/08/19 10:34:55.196 [D] [server.go:2887]  |            ::1|[42m 200 [0m|   149.0778ms|   match|[46m POST    [0m /blog/auth/token   r:blogauth/token
2021/08/19 10:34:55.907 [D] [server.go:2887]  |            ::1|[42m 200 [0m|   144.3067ms|   match|[46m POST    [0m /blog/auth/token   r:blogauth/token
2021/08/19 10:35:05.223 [E] [oauth2.go:25]  invalid access token
2021/08/19 10:35:05.223 [E] [value.go:476]  err invalid access token map[]
2021/08/19 10:35:05.223 [D] [authsrv.go:12]  Select by id and password SQL:  select id from hananoq_blog.blog_user where username = ? and password = ?
2021/08/19 10:35:05.315 [D] [server.go:2887]  |            ::1|[42m 200 [0m|   187.0944ms|   match|[46m POST    [0m /blog/auth/token   r:blogauth/token
2021/08/19 10:35:08.880 [D] [server.go:2887]  |            ::1|[42m 200 [0m|   146.8899ms|   match|[46m POST    [0m /blog/auth/token   r:blogauth/token
2021/08/19 10:35:10.091 [D] [server.go:2887]  |            ::1|[42m 200 [0m|   138.9727ms|   match|[46m POST    [0m /blog/auth/token   r:blogauth/token
2021/08/19 10:35:10.739 [D] [requestlimit.go:89]  Too Many Requests from ::1 on /blog/auth/token
2021/08/19 10:35:10.739 [D] [server.go:2887]  |            ::1|[42m 200 [0m|     48.499ms| nomatch|[46m POST    [0m /blog/auth/token
2021/08/19 10:35:11.330 [D] [requestlimit.go:89]  Too Many Requests from ::1 on /blog/auth/token
2021/08/19 10:35:11.330 [D] [server.go:2887]  |            ::1|[42m 200 [0m|     45.375ms| nomatch|[46m POST    [0m /blog/auth/token
2021/08/19 10:43:35.560 [D] [server.go:2887]  |            ::1|[43m 404 [0m|   142.7702ms| nomatch|[44m GET     [0m /blog/auth/user-info
2021/08/19 10:44:11.823 [I] [asm_amd64.s:1371]  http server Running on http://:9696
2021/08/19 10:44:18.918 [D] [server.go:2887]  |            ::1|[42m 200 [0m|   275.2926ms|   match|[44m GET     [0m /blog/auth/user-info   r:blogauth/user-info
2021/08/19 10:46:00.193 [I] [asm_amd64.s:1371]  http server Running on http://:9696
2021/08/19 10:48:02.327 [I] [asm_amd64.s:1371]  http server Running on http://:9696
2021/08/19 10:49:40.840 [I] [asm_amd64.s:1371]  http server Running on http://:9696
2021/08/19 10:49:43.861 [D] [server.go:2887]  |            ::1|[42m 200 [0m|   252.2615ms|   match|[44m GET     [0m /blog/auth/user-info   r:blogauth/user-info
2021/08/19 10:50:21.227 [I] [asm_amd64.s:1371]  http server Running on http://:9696
2021/08/19 10:50:24.500 [D] [server.go:2887]  |            ::1|[42m 200 [0m|   291.5001ms|   match|[44m GET     [0m /blog/auth/user-info   r:blogauth/user-info
2021/08/19 10:52:45.561 [I] [asm_amd64.s:1371]  http server Running on http://:9696
2021/08/19 10:52:52.128 [D] [server.go:2887]  |            ::1|[42m 200 [0m|   324.0952ms|   match|[44m GET     [0m /blog/auth/user-info   r:blogauth/user-info
2021/08/19 10:54:53.239 [D] [server.go:2887]  |            ::1|[42m 200 [0m|   138.7846ms|   match|[44m GET     [0m /blog/friend-address/getFriendAddress   r:blogfriend-address/getFriendAddress
2021/08/19 10:54:53.240 [D] [server.go:2887]  |            ::1|[42m 200 [0m|   141.6602ms|   match|[44m GET     [0m /blog/article/list   r:blogarticle/list
2021/08/19 10:54:53.256 [D] [server.go:2887]  |            ::1|[42m 200 [0m|   155.5413ms|   match|[44m GET     [0m /blog/music/list   r:blogmusic/list
2021/08/19 10:54:53.304 [D] [server.go:2887]  |            ::1|[42m 200 [0m|   206.4282ms|   match|[44m GET     [0m /blog/article/list   r:blogarticle/list
2021/08/19 10:54:53.640 [D] [server.go:2887]  |            ::1|[42m 200 [0m|   540.0576ms|   match|[44m GET     [0m /blog/article/searchTag   r:blogarticle/searchTag
2021/08/19 10:56:56.116 [D] [server.go:2887]  |            ::1|[42m 200 [0m|      562.8µs| nomatch|[47m OPTIONS [0m /blog/auth/token
2021/08/19 10:56:56.164 [D] [authsrv.go:12]  Select by id and password SQL:  select id from hananoq_blog.blog_user where username = ? and password = ?
2021/08/19 10:56:56.546 [D] [server.go:2887]  |            ::1|[42m 200 [0m|   428.6885ms|   match|[46m POST    [0m /blog/auth/token   r:blogauth/token
2021/08/19 10:56:56.654 [D] [server.go:2887]  |            ::1|[42m 200 [0m|     49.685ms|   match|[44m GET     [0m /blog/friend-address/getFriendAddress   r:blogfriend-address/getFriendAddress
2021/08/19 10:56:56.698 [D] [server.go:2887]  |            ::1|[42m 200 [0m|    94.8451ms|   match|[44m GET     [0m /blog/article/list   r:blogarticle/list
2021/08/19 10:56:56.706 [D] [server.go:2887]  |            ::1|[42m 200 [0m|   102.2814ms|   match|[44m GET     [0m /blog/article/searchTag   r:blogarticle/searchTag
2021/08/19 10:56:56.754 [D] [server.go:2887]  |            ::1|[42m 200 [0m|   149.4165ms|   match|[44m GET     [0m /blog/music/list   r:blogmusic/list
2021/08/19 10:56:56.791 [D] [server.go:2887]  |            ::1|[42m 200 [0m|   191.1875ms|   match|[44m GET     [0m /blog/auth/user-info   r:blogauth/user-info
2021/08/19 10:56:56.993 [D] [server.go:2887]  |            ::1|[42m 200 [0m|   390.2579ms|   match|[44m GET     [0m /blog/article/list   r:blogarticle/list
2021/08/19 11:01:58.678 [I] [asm_amd64.s:1371]  http server Running on http://:9696
2021/08/19 11:02:08.859 [D] [server.go:2887]  |            ::1|[42m 200 [0m|   140.7525ms|   match|[44m GET     [0m /blog/article/list   r:blogarticle/list
2021/08/19 11:02:08.872 [D] [server.go:2887]  |            ::1|[42m 200 [0m|   147.7786ms|   match|[44m GET     [0m /blog/friend-address/getFriendAddress   r:blogfriend-address/getFriendAddress
2021/08/19 11:02:08.879 [D] [server.go:2887]  |            ::1|[42m 200 [0m|   153.8132ms|   match|[44m GET     [0m /blog/music/list   r:blogmusic/list
2021/08/19 11:02:09.110 [D] [server.go:2887]  |            ::1|[42m 200 [0m|   389.6492ms|   match|[44m GET     [0m /blog/article/list   r:blogarticle/list
2021/08/19 11:02:09.330 [D] [server.go:2887]  |            ::1|[42m 200 [0m|   608.2755ms|   match|[44m GET     [0m /blog/article/searchTag   r:blogarticle/searchTag
2021/08/19 11:10:31.886 [D] [server.go:2887]  |            ::1|[42m 200 [0m|   254.8554ms|   match|[44m GET     [0m /blog/article/list   r:blogarticle/list
2021/08/19 11:11:04.896 [D] [server.go:2887]  |            ::1|[42m 200 [0m|   182.9254ms|   match|[44m GET     [0m /blog/article/list   r:blogarticle/list
2021/08/19 11:11:06.227 [D] [server.go:2887]  |            ::1|[42m 200 [0m|   105.5211ms|   match|[44m GET     [0m /blog/article/list   r:blogarticle/list
2021/08/19 11:11:06.275 [D] [server.go:2887]  |            ::1|[42m 200 [0m|   153.0641ms|   match|[44m GET     [0m /blog/music/list   r:blogmusic/list
2021/08/19 11:11:38.869 [D] [server.go:2887]  |            ::1|[42m 200 [0m|           0s| nomatch|[47m OPTIONS [0m /blog/auth/token
2021/08/19 11:11:38.918 [D] [authsrv.go:12]  Select by id and password SQL:  select id from hananoq_blog.blog_user where username = ? and password = ?
2021/08/19 11:11:39.121 [D] [server.go:2887]  |            ::1|[42m 200 [0m|   249.7907ms|   match|[46m POST    [0m /blog/auth/token   r:blogauth/token
2021/08/19 11:11:39.325 [D] [server.go:2887]  |            ::1|[42m 200 [0m|    91.9396ms|   match|[44m GET     [0m /blog/article/list   r:blogarticle/list
2021/08/19 11:11:39.329 [D] [server.go:2887]  |            ::1|[42m 200 [0m|    97.7542ms|   match|[44m GET     [0m /blog/article/list   r:blogarticle/list
2021/08/19 11:11:39.373 [D] [server.go:2887]  |            ::1|[42m 200 [0m|   136.1908ms|   match|[44m GET     [0m /blog/music/list   r:blogmusic/list
2021/08/19 11:11:39.395 [D] [server.go:2887]  |            ::1|[42m 200 [0m|   159.3503ms|   match|[44m GET     [0m /blog/friend-address/getFriendAddress   r:blogfriend-address/getFriendAddress
2021/08/19 11:11:39.423 [D] [server.go:2887]  |            ::1|[42m 200 [0m|    188.146ms|   match|[44m GET     [0m /blog/article/searchTag   r:blogarticle/searchTag
2021/08/19 11:11:39.450 [D] [server.go:2887]  |            ::1|[42m 200 [0m|   234.4222ms|   match|[44m GET     [0m /blog/auth/user-info   r:blogauth/user-info
2021/08/19 11:11:42.351 [D] [server.go:2887]  |            ::1|[42m 200 [0m|    93.1423ms|   match|[44m GET     [0m /blog/article/list   r:blogarticle/list
2021/08/19 11:11:42.554 [D] [server.go:2887]  |            ::1|[42m 200 [0m|   296.8574ms|   match|[44m GET     [0m /blog/article/2   r:blogarticle/:id
2021/08/19 11:15:15.248 [D] [server.go:2887]  |            ::1|[42m 200 [0m|   122.3269ms|   match|[44m GET     [0m /blog/article/list   r:blogarticle/list
2021/08/19 11:15:15.360 [D] [server.go:2887]  |            ::1|[42m 200 [0m|   234.7664ms|   match|[44m GET     [0m /blog/article/2   r:blogarticle/:id
2021/08/19 11:15:46.817 [D] [server.go:2887]  |            ::1|[42m 200 [0m|    53.3031ms|   match|[44m GET     [0m /blog/music/list   r:blogmusic/list
2021/08/19 11:15:46.858 [D] [server.go:2887]  |            ::1|[42m 200 [0m|     95.335ms|   match|[44m GET     [0m /blog/article/list   r:blogarticle/list
2021/08/19 11:15:46.954 [D] [server.go:2887]  |            ::1|[42m 200 [0m|   192.1485ms|   match|[44m GET     [0m /blog/article/2   r:blogarticle/:id
2021/08/19 11:16:19.588 [D] [server.go:2887]  |            ::1|[42m 200 [0m|    54.9433ms|   match|[44m GET     [0m /blog/music/list   r:blogmusic/list
2021/08/19 11:16:19.621 [D] [server.go:2887]  |            ::1|[42m 200 [0m|    89.0162ms|   match|[44m GET     [0m /blog/article/list   r:blogarticle/list
2021/08/19 11:16:19.733 [D] [server.go:2887]  |            ::1|[42m 200 [0m|   202.6898ms|   match|[44m GET     [0m /blog/article/2   r:blogarticle/:id
