2021/08/18 18:20:14.005 [I] [asm_amd64.s:1371]  http server Running on http://:9696
2021/08/18 18:20:24.544 [I] [asm_amd64.s:1371]  http server Running on http://:9696
2021/08/18 18:20:28.547 [D] [server.go:2887]  |            ::1|[42m 200 [0m|   144.8707ms|   match|[44m GET     [0m /blog/article/list   r:blogarticle/list
2021/08/18 18:20:29.271 [D] [server.go:2887]  |            ::1|[42m 200 [0m|    91.6772ms|   match|[44m GET     [0m /blog/article/list   r:blogarticle/list
2021/08/18 18:20:29.922 [D] [server.go:2887]  |            ::1|[42m 200 [0m|    90.9404ms|   match|[44m GET     [0m /blog/article/list   r:blogarticle/list
2021/08/18 18:20:30.538 [D] [server.go:2887]  |            ::1|[42m 200 [0m|    96.5544ms|   match|[44m GET     [0m /blog/article/list   r:blogarticle/list
2021/08/18 18:20:31.084 [D] [server.go:2887]  |            ::1|[42m 200 [0m|    92.5725ms|   match|[44m GET     [0m /blog/article/list   r:blogarticle/list
2021/08/18 18:20:31.624 [D] [server.go:2887]  |            ::1|[42m 200 [0m|    92.4809ms|   match|[44m GET     [0m /blog/article/list   r:blogarticle/list
2021/08/18 18:20:32.157 [D] [server.go:2887]  |            ::1|[42m 200 [0m|    97.1546ms|   match|[44m GET     [0m /blog/article/list   r:blogarticle/list
2021/08/18 18:20:32.656 [D] [server.go:2887]  |            ::1|[42m 200 [0m|    96.3343ms|   match|[44m GET     [0m /blog/article/list   r:blogarticle/list
2021/08/18 18:20:33.180 [D] [server.go:2887]  |            ::1|[42m 200 [0m|    95.8147ms|   match|[44m GET     [0m /blog/article/list   r:blogarticle/list
2021/08/18 18:20:33.696 [D] [server.go:2887]  |            ::1|[42m 200 [0m|    97.4575ms|   match|[44m GET     [0m /blog/article/list   r:blogarticle/list
2021/08/18 18:20:34.155 [D] [requestlimit.go:79]  Too Many Requests from ::1 on /blog/article/list
2021/08/18 18:20:34.155 [C] [panic.go:965]  the request url is  /blog/article/list
2021/08/18 18:20:34.155 [C] [panic.go:965]  Handler crashed with error 429
2021/08/18 18:20:34.155 [C] [panic.go:965]  C:/Program Files/Go/src/runtime/panic.go:965
2021/08/18 18:20:34.155 [C] [panic.go:965]  D:/document/golang/pkg/mod/github.com/astaxie/beego@v1.12.1/context/context.go:88
2021/08/18 18:20:34.155 [C] [panic.go:965]  D:/document/golang/src/beego-hananoq-blog/component/requestlimit/requestlimit.go:51
2021/08/18 18:20:34.155 [C] [panic.go:965]  D:/document/golang/src/beego-hananoq-blog/component/requestlimit/requestlimit.go:79
2021/08/18 18:20:34.155 [C] [panic.go:965]  D:/document/golang/pkg/mod/github.com/astaxie/beego@v1.12.1/router.go:644
2021/08/18 18:20:34.156 [C] [panic.go:965]  D:/document/golang/pkg/mod/github.com/astaxie/beego@v1.12.1/router.go:730
2021/08/18 18:20:34.156 [C] [panic.go:965]  C:/Program Files/Go/src/net/http/server.go:2887
2021/08/18 18:20:34.156 [C] [panic.go:965]  C:/Program Files/Go/src/net/http/server.go:1952
2021/08/18 18:20:34.156 [C] [panic.go:965]  C:/Program Files/Go/src/runtime/asm_amd64.s:1371
2021/08/18 18:20:34.156 [server.go:3137]  [HTTP] http: superfluous response.WriteHeader call from github.com/astaxie/beego/context.(*Response).WriteHeader (context.go:230)
2021/08/18 18:30:28.486 [I] [asm_amd64.s:1371]  http server Running on http://:9696
2021/08/18 18:30:40.519 [D] [server.go:2887]  |            ::1|[42m 200 [0m|   199.5049ms|   match|[44m GET     [0m /blog/article/list   r:blogarticle/list
2021/08/18 18:30:41.338 [D] [server.go:2887]  |            ::1|[42m 200 [0m|    95.3531ms|   match|[44m GET     [0m /blog/article/list   r:blogarticle/list
2021/08/18 18:30:41.912 [D] [server.go:2887]  |            ::1|[42m 200 [0m|    94.1228ms|   match|[44m GET     [0m /blog/article/list   r:blogarticle/list
2021/08/18 18:30:42.494 [D] [server.go:2887]  |            ::1|[42m 200 [0m|    96.7248ms|   match|[44m GET     [0m /blog/article/list   r:blogarticle/list
2021/08/18 18:30:42.994 [D] [server.go:2887]  |            ::1|[42m 200 [0m|    90.2217ms|   match|[44m GET     [0m /blog/article/list   r:blogarticle/list
2021/08/18 18:30:43.577 [D] [server.go:2887]  |            ::1|[42m 200 [0m|    95.8809ms|   match|[44m GET     [0m /blog/article/list   r:blogarticle/list
2021/08/18 18:30:44.033 [D] [server.go:2887]  |            ::1|[42m 200 [0m|    97.5588ms|   match|[44m GET     [0m /blog/article/list   r:blogarticle/list
2021/08/18 18:30:44.543 [D] [server.go:2887]  |            ::1|[42m 200 [0m|     94.305ms|   match|[44m GET     [0m /blog/article/list   r:blogarticle/list
2021/08/18 18:30:45.089 [D] [server.go:2887]  |            ::1|[42m 200 [0m|    90.8144ms|   match|[44m GET     [0m /blog/article/list   r:blogarticle/list
2021/08/18 18:30:45.672 [D] [server.go:2887]  |            ::1|[42m 200 [0m|    96.5671ms|   match|[44m GET     [0m /blog/article/list   r:blogarticle/list
2021/08/18 18:30:46.193 [D] [requestlimit.go:86]  Too Many Requests from ::1 on /blog/article/list
2021/08/18 18:30:46.193 [D] [server.go:2887]  |            ::1|[42m 200 [0m|    46.9965ms| nomatch|[44m GET     [0m /blog/article/list
2021/08/18 18:34:13.927 [I] [asm_amd64.s:1371]  http server Running on http://:9696
2021/08/18 18:34:17.979 [D] [server.go:2887]  |            ::1|[42m 200 [0m|   141.5182ms|   match|[44m GET     [0m /blog/article/list   r:blogarticle/list
2021/08/18 18:34:18.569 [D] [server.go:2887]  |            ::1|[42m 200 [0m|    94.5268ms|   match|[44m GET     [0m /blog/article/list   r:blogarticle/list
2021/08/18 18:34:19.119 [D] [server.go:2887]  |            ::1|[42m 200 [0m|    91.7381ms|   match|[44m GET     [0m /blog/article/list   r:blogarticle/list
2021/08/18 18:34:19.611 [D] [server.go:2887]  |            ::1|[42m 200 [0m|   101.2044ms|   match|[44m GET     [0m /blog/article/list   r:blogarticle/list
2021/08/18 18:34:20.106 [D] [server.go:2887]  |            ::1|[42m 200 [0m|    96.5142ms|   match|[44m GET     [0m /blog/article/list   r:blogarticle/list
2021/08/18 18:34:20.558 [D] [server.go:2887]  |            ::1|[42m 200 [0m|    98.4765ms|   match|[44m GET     [0m /blog/article/list   r:blogarticle/list
2021/08/18 18:34:21.001 [D] [server.go:2887]  |            ::1|[42m 200 [0m|    91.3233ms|   match|[44m GET     [0m /blog/article/list   r:blogarticle/list
2021/08/18 18:34:21.494 [D] [server.go:2887]  |            ::1|[42m 200 [0m|    94.7116ms|   match|[44m GET     [0m /blog/article/list   r:blogarticle/list
2021/08/18 18:34:21.995 [D] [server.go:2887]  |            ::1|[42m 200 [0m|    96.6775ms|   match|[44m GET     [0m /blog/article/list   r:blogarticle/list
2021/08/18 18:34:22.468 [D] [server.go:2887]  |            ::1|[42m 200 [0m|   101.2206ms|   match|[44m GET     [0m /blog/article/list   r:blogarticle/list
2021/08/18 18:34:23.679 [D] [requestlimit.go:88]  Too Many Requests from ::1 on /blog/article/list
2021/08/18 18:34:23.679 [D] [server.go:2887]  |            ::1|[42m 200 [0m|    47.9842ms| nomatch|[44m GET     [0m /blog/article/list
2021/08/18 18:36:22.564 [I] [asm_amd64.s:1371]  http server Running on http://:9696
2021/08/18 18:54:51.483 [I] [asm_amd64.s:1371]  http server Running on http://:9696
2021/08/18 18:55:30.492 [D] [authsrv.go:12]  Select by username and password SQL:  select username from hananoq_blog.blog_user where username = ? and password = ?
2021/08/18 18:55:30.822 [D] [server.go:2887]  |            ::1|[42m 200 [0m|   373.4151ms|   match|[46m POST    [0m /blog/auth/token   r:blogauth/token
2021/08/18 18:55:33.744 [D] [authsrv.go:12]  Select by username and password SQL:  select username from hananoq_blog.blog_user where username = ? and password = ?
2021/08/18 18:55:33.885 [D] [server.go:2887]  |            ::1|[42m 200 [0m|    186.989ms|   match|[46m POST    [0m /blog/auth/token   r:blogauth/token
2021/08/18 18:57:07.107 [D] [authsrv.go:12]  Select by username and password SQL:  select username from hananoq_blog.blog_user where username = ? and password = ?
2021/08/18 18:57:07.248 [D] [server.go:2887]  |            ::1|[42m 200 [0m|   187.2858ms|   match|[46m POST    [0m /blog/auth/token   r:blogauth/token
2021/08/18 18:57:09.624 [D] [authsrv.go:12]  Select by username and password SQL:  select username from hananoq_blog.blog_user where username = ? and password = ?
2021/08/18 18:57:09.775 [D] [server.go:2887]  |            ::1|[42m 200 [0m|   197.9888ms|   match|[46m POST    [0m /blog/auth/token   r:blogauth/token
2021/08/18 18:59:42.816 [I] [asm_amd64.s:1371]  http server Running on http://:9696
2021/08/18 18:59:51.722 [D] [authsrv.go:12]  Select by username and password SQL:  select username from hananoq_blog.blog_user where username = ? and password = ?
2021/08/18 18:59:51.911 [D] [server.go:2887]  |            ::1|[42m 200 [0m|   240.3986ms|   match|[46m POST    [0m /blog/auth/token   r:blogauth/token
2021/08/18 18:59:56.889 [D] [authsrv.go:12]  Select by username and password SQL:  select username from hananoq_blog.blog_user where username = ? and password = ?
2021/08/18 18:59:56.981 [D] [server.go:2887]  |            ::1|[42m 200 [0m|   143.0904ms|   match|[46m POST    [0m /blog/auth/token   r:blogauth/token
2021/08/18 19:00:01.658 [D] [authsrv.go:12]  Select by username and password SQL:  select username from hananoq_blog.blog_user where username = ? and password = ?
2021/08/18 19:00:01.754 [D] [server.go:2887]  |            ::1|[42m 200 [0m|    144.441ms|   match|[46m POST    [0m /blog/auth/token   r:blogauth/token
2021/08/18 19:00:05.212 [D] [authsrv.go:12]  Select by username and password SQL:  select username from hananoq_blog.blog_user where username = ? and password = ?
2021/08/18 19:00:05.307 [D] [server.go:2887]  |            ::1|[42m 200 [0m|   143.0714ms|   match|[46m POST    [0m /blog/auth/token   r:blogauth/token
2021/08/19 09:05:15.204 [I] [asm_amd64.s:1371]  http server Running on http://:9696
2021/08/19 09:06:41.083 [D] [authsrv.go:12]  Select by username and password SQL:  select username from hananoq_blog.blog_user where username = ? and password = ?
2021/08/19 09:06:41.390 [D] [server.go:2887]  |            ::1|[42m 200 [0m|   350.8464ms|   match|[46m POST    [0m /blog/auth/token   r:blogauth/token
2021/08/19 09:07:16.532 [D] [server.go:2887]  |            ::1|[43m 404 [0m|    47.7495ms| nomatch|[46m POST    [0m /token
2021/08/19 09:08:16.456 [D] [server.go:2887]  |            ::1|[42m 200 [0m|   139.4718ms|   match|[46m POST    [0m /blog/auth/token   r:blogauth/token
2021/08/19 09:08:33.761 [D] [server.go:2887]  |            ::1|[42m 200 [0m|   138.1084ms|   match|[46m POST    [0m /blog/auth/token   r:blogauth/token
2021/08/19 09:08:37.884 [D] [server.go:2887]  |            ::1|[42m 200 [0m|   141.7292ms|   match|[46m POST    [0m /blog/auth/token   r:blogauth/token
2021/08/19 09:26:46.165 [I] [asm_amd64.s:1371]  http server Running on http://:9696
2021/08/19 09:27:21.541 [D] [authsrv.go:12]  Select by username and password SQL:  select username from hananoq_blog.blog_user where username = ? and password = ?
2021/08/19 09:27:21.849 [D] [server.go:2887]  |            ::1|[42m 200 [0m|    361.114ms|   match|[46m POST    [0m /blog/auth/token   r:blogauth/token
2021/08/19 09:42:44.921 [I] [asm_amd64.s:1371]  http server Running on http://:9696
2021/08/19 09:42:55.012 [I] [asm_amd64.s:1371]  http server Running on http://:9696
2021/08/19 09:47:48.706 [I] [asm_amd64.s:1371]  http server Running on http://:9696
2021/08/19 09:48:49.511 [I] [asm_amd64.s:1371]  http server Running on http://:9696
2021/08/19 09:48:58.890 [E] [value.go:476]  err invalid access token <nil>
2021/08/19 09:48:58.890 [D] [authsrv.go:12]  Select by username and password SQL:  select username from hananoq_blog.blog_user where username = ? and password = ?
2021/08/19 09:48:59.154 [D] [server.go:2887]  |            ::1|[42m 200 [0m|   414.3231ms|   match|[46m POST    [0m /blog/auth/token   r:blogauth/token
2021/08/19 09:49:16.172 [I] [asm_amd64.s:1371]  http server Running on http://:9696
2021/08/19 09:50:22.935 [E] [value.go:476]  err invalid access token <nil>
2021/08/19 09:50:27.331 [D] [authsrv.go:12]  Select by username and password SQL:  select username from hananoq_blog.blog_user where username = ? and password = ?
2021/08/19 09:50:27.595 [D] [server.go:2887]  |            ::1|[42m 200 [0m|  22.4698989s|   match|[46m POST    [0m /blog/auth/token   r:blogauth/token
2021/08/19 09:52:29.180 [I] [asm_amd64.s:1371]  http server Running on http://:9696
2021/08/19 09:54:00.884 [D] [server.go:2887]  |            ::1|[42m 200 [0m|1m23.0613797s|   match|[46m POST    [0m /blog/auth/token   r:blogauth/token
2021/08/19 10:13:56.530 [I] [asm_amd64.s:1371]  http server Running on http://:9696
2021/08/19 10:16:16.842 [I] [asm_amd64.s:1371]  http server Running on http://:9696
2021/08/19 10:22:25.926 [E] [value.go:476]  err invalid access token <nil>
2021/08/19 10:22:25.926 [D] [authsrv.go:12]  Select by id and password SQL:  select id from hananoq_blog.blog_user where username = ? and password = ?
2021/08/19 10:22:26.077 [D] [server.go:2887]  |            ::1|[42m 200 [0m|   408.3076ms|   match|[46m POST    [0m /blog/auth/token   r:blogauth/token
2021/08/19 10:22:37.894 [I] [asm_amd64.s:1371]  http server Running on http://:9696
2021/08/19 10:22:51.230 [E] [value.go:476]  err invalid access token <nil>
