2021/08/19 11:17:14.236 [D] [server.go:2887]  |            ::1|[42m 200 [0m|    94.6408ms|   match|[44m GET     [0m /blog/article/list   r:blogarticle/list
2021/08/19 11:17:14.284 [D] [server.go:2887]  |            ::1|[42m 200 [0m|   142.5425ms|   match|[44m GET     [0m /blog/article/searchTag   r:blogarticle/searchTag
2021/08/19 11:17:14.296 [D] [server.go:2887]  |            ::1|[42m 200 [0m|   153.3562ms|   match|[44m GET     [0m /blog/friend-address/getFriendAddress   r:blogfriend-address/getFriendAddress
2021/08/19 11:17:14.507 [D] [server.go:2887]  |            ::1|[42m 200 [0m|    365.772ms|   match|[44m GET     [0m /blog/article/list   r:blogarticle/list
2021/08/19 14:27:36.261 [I] [asm_amd64.s:1371]  http server Running on http://:9696
2021/08/19 14:32:19.489 [D] [server.go:2887]  |            ::1|[42m 200 [0m|   141.3367ms|   match|[44m GET     [0m /blog/music/list   r:blogmusic/list
2021/08/19 14:32:19.489 [D] [server.go:2887]  |            ::1|[42m 200 [0m|   142.6548ms|   match|[44m GET     [0m /blog/friend-address/getFriendAddress   r:blogfriend-address/getFriendAddress
2021/08/19 14:32:19.496 [D] [server.go:2887]  |            ::1|[42m 200 [0m|   156.0442ms|   match|[44m GET     [0m /blog/article/list   r:blogarticle/list
2021/08/19 14:32:19.757 [D] [server.go:2887]  |            ::1|[42m 200 [0m|   414.9357ms|   match|[44m GET     [0m /blog/article/list   r:blogarticle/list
2021/08/19 14:32:19.962 [D] [server.go:2887]  |            ::1|[42m 200 [0m|   618.6556ms|   match|[44m GET     [0m /blog/article/searchTag   r:blogarticle/searchTag
2021/08/19 14:35:25.672 [I] [asm_amd64.s:1371]  http server Running on http://:9696
2021/08/19 14:35:44.260 [D] [server.go:2887]  |            ::1|[42m 200 [0m|   137.9004ms|   match|[44m GET     [0m /blog/friend-address/getFriendAddress   r:blogfriend-address/getFriendAddress
2021/08/19 14:35:44.264 [D] [server.go:2887]  |            ::1|[42m 200 [0m|   145.5704ms|   match|[44m GET     [0m /blog/article/list   r:blogarticle/list
2021/08/19 14:35:44.268 [D] [server.go:2887]  |            ::1|[42m 200 [0m|   145.4647ms|   match|[44m GET     [0m /blog/music/list   r:blogmusic/list
2021/08/19 14:35:44.316 [D] [server.go:2887]  |            ::1|[42m 200 [0m|   197.6707ms|   match|[44m GET     [0m /blog/article/list   r:blogarticle/list
2021/08/19 14:35:44.585 [D] [server.go:2887]  |            ::1|[42m 200 [0m|   464.9543ms|   match|[44m GET     [0m /blog/article/searchTag   r:blogarticle/searchTag
2021/08/19 14:36:55.040 [I] [asm_amd64.s:1371]  http server Running on http://:9696
2021/08/19 14:37:43.704 [D] [server.go:2887]  |            ::1|[42m 200 [0m|   136.3475ms|   match|[44m GET     [0m /blog/music/list   r:blogmusic/list
2021/08/19 14:37:43.708 [D] [server.go:2887]  |            ::1|[42m 200 [0m|   145.8012ms|   match|[44m GET     [0m /blog/article/list   r:blogarticle/list
2021/08/19 14:37:43.726 [D] [server.go:2887]  |            ::1|[42m 200 [0m|   160.5242ms|   match|[44m GET     [0m /blog/friend-address/getFriendAddress   r:blogfriend-address/getFriendAddress
2021/08/19 14:37:43.807 [D] [server.go:2887]  |            ::1|[42m 200 [0m|   242.3877ms|   match|[44m GET     [0m /blog/article/searchTag   r:blogarticle/searchTag
2021/08/19 14:37:43.948 [D] [server.go:2887]  |            ::1|[42m 200 [0m|   385.0585ms|   match|[44m GET     [0m /blog/article/list   r:blogarticle/list
2021/08/19 15:36:50.860 [I] [asm_amd64.s:1371]  http server Running on http://:9696
2021/08/19 15:37:33.198 [D] [server.go:2887]  |            ::1|[42m 200 [0m|   214.9015ms|   match|[44m GET     [0m /blog/article/list   r:blogarticle/list
2021/08/19 15:37:33.202 [D] [server.go:2887]  |            ::1|[42m 200 [0m|   212.0788ms|   match|[44m GET     [0m /blog/music/list   r:blogmusic/list
2021/08/19 15:37:33.202 [D] [server.go:2887]  |            ::1|[42m 200 [0m|   212.0788ms|   match|[44m GET     [0m /blog/friend-address/getFriendAddress   r:blogfriend-address/getFriendAddress
2021/08/19 15:37:33.291 [D] [server.go:2887]  |            ::1|[42m 200 [0m|   302.1446ms|   match|[44m GET     [0m /blog/article/searchTag   r:blogarticle/searchTag
2021/08/19 15:37:33.532 [D] [server.go:2887]  |            ::1|[42m 200 [0m|   544.3608ms|   match|[44m GET     [0m /blog/article/list   r:blogarticle/list
2021/08/19 15:37:52.098 [D] [server.go:2887]  |            ::1|[42m 200 [0m|     96.734ms|   match|[44m GET     [0m /blog/article/list   r:blogarticle/list
2021/08/19 15:37:52.150 [D] [server.go:2887]  |            ::1|[42m 200 [0m|   148.4322ms|   match|[44m GET     [0m /blog/article/2   r:blogarticle/:id
2021/08/19 15:37:59.296 [D] [server.go:2887]  |            ::1|[42m 200 [0m|    48.3215ms|   match|[44m GET     [0m /blog/friend-address/getFriendAddress   r:blogfriend-address/getFriendAddress
2021/08/19 15:37:59.296 [D] [requestlimit.go:89]  Too Many Requests from ::1 on /blog/article/searchTag
2021/08/19 15:37:59.296 [D] [server.go:2887]  |            ::1|[42m 200 [0m|    48.8263ms| nomatch|[44m GET     [0m /blog/article/searchTag
2021/08/19 15:37:59.343 [D] [server.go:2887]  |            ::1|[42m 200 [0m|    99.9534ms|   match|[44m GET     [0m /blog/article/list   r:blogarticle/list
2021/08/19 15:37:59.343 [D] [server.go:2887]  |            ::1|[42m 200 [0m|    96.2075ms|   match|[44m GET     [0m /blog/article/list   r:blogarticle/list
2021/08/19 15:38:18.252 [D] [requestlimit.go:89]  Too Many Requests from ::1 on /blog/article/list
2021/08/19 15:38:18.252 [D] [requestlimit.go:89]  Too Many Requests from ::1 on /blog/article/list
2021/08/19 15:38:18.252 [D] [requestlimit.go:89]  Too Many Requests from ::1 on /blog/article/searchTag
2021/08/19 15:38:18.252 [D] [requestlimit.go:89]  Too Many Requests from ::1 on /blog/music/list
2021/08/19 15:38:18.253 [D] [server.go:2887]  |            ::1|[42m 200 [0m|    50.5702ms| nomatch|[44m GET     [0m /blog/article/searchTag
2021/08/19 15:38:18.252 [D] [requestlimit.go:89]  Too Many Requests from ::1 on /blog/friend-address/getFriendAddress
2021/08/19 15:38:18.253 [D] [server.go:2887]  |            ::1|[42m 200 [0m|    51.7097ms| nomatch|[44m GET     [0m /blog/article/list
2021/08/19 15:38:18.253 [D] [server.go:2887]  |            ::1|[42m 200 [0m|    50.7783ms| nomatch|[44m GET     [0m /blog/article/list
2021/08/19 15:38:18.253 [D] [server.go:2887]  |            ::1|[42m 200 [0m|    48.5733ms| nomatch|[44m GET     [0m /blog/music/list
2021/08/19 15:38:18.253 [D] [server.go:2887]  |            ::1|[42m 200 [0m|     49.542ms| nomatch|[44m GET     [0m /blog/friend-address/getFriendAddress
2021/08/19 15:38:31.967 [D] [requestlimit.go:89]  Too Many Requests from ::1 on /blog/article/list
2021/08/19 15:38:31.967 [D] [requestlimit.go:89]  Too Many Requests from ::1 on /blog/article/list
2021/08/19 15:38:31.967 [D] [requestlimit.go:89]  Too Many Requests from ::1 on /blog/friend-address/getFriendAddress
2021/08/19 15:38:31.968 [D] [server.go:2887]  |            ::1|[42m 200 [0m|     81.984ms| nomatch|[44m GET     [0m /blog/article/list
2021/08/19 15:38:31.968 [D] [server.go:2887]  |            ::1|[42m 200 [0m|     82.844ms| nomatch|[44m GET     [0m /blog/article/list
2021/08/19 15:38:31.968 [D] [server.go:2887]  |            ::1|[42m 200 [0m|    79.5675ms| nomatch|[44m GET     [0m /blog/friend-address/getFriendAddress
2021/08/19 15:38:31.969 [D] [requestlimit.go:89]  Too Many Requests from ::1 on /blog/article/searchTag
2021/08/19 15:38:31.969 [D] [requestlimit.go:89]  Too Many Requests from ::1 on /blog/music/list
2021/08/19 15:38:31.970 [D] [server.go:2887]  |            ::1|[42m 200 [0m|    82.2638ms| nomatch|[44m GET     [0m /blog/article/searchTag
2021/08/19 15:38:31.970 [D] [server.go:2887]  |            ::1|[42m 200 [0m|    78.7799ms| nomatch|[44m GET     [0m /blog/music/list
2021/08/19 15:41:11.091 [I] [asm_amd64.s:1371]  http server Running on http://:9696
2021/08/19 15:41:24.081 [D] [server.go:2887]  |            ::1|[42m 200 [0m|   145.1977ms|   match|[44m GET     [0m /blog/friend-address/getFriendAddress   r:blogfriend-address/getFriendAddress
2021/08/19 15:41:24.094 [D] [server.go:2887]  |            ::1|[42m 200 [0m|   162.0801ms|   match|[44m GET     [0m /blog/article/list   r:blogarticle/list
2021/08/19 15:41:24.095 [D] [server.go:2887]  |            ::1|[42m 200 [0m|   156.9844ms|   match|[44m GET     [0m /blog/music/list   r:blogmusic/list
2021/08/19 15:41:24.143 [D] [server.go:2887]  |            ::1|[42m 200 [0m|   207.9307ms|   match|[44m GET     [0m /blog/article/list   r:blogarticle/list
2021/08/19 15:41:24.426 [D] [server.go:2887]  |            ::1|[42m 200 [0m|   490.7722ms|   match|[44m GET     [0m /blog/article/searchTag   r:blogarticle/searchTag
2021/08/19 15:41:56.227 [I] [asm_amd64.s:1371]  http server Running on http://:9696
2021/08/19 15:42:12.001 [D] [server.go:2887]  |            ::1|[42m 200 [0m|   135.5333ms|   match|[44m GET     [0m /blog/music/list   r:blogmusic/list
2021/08/19 15:42:12.005 [D] [server.go:2887]  |            ::1|[42m 200 [0m|   150.8834ms|   match|[44m GET     [0m /blog/article/list   r:blogarticle/list
2021/08/19 15:42:12.010 [D] [server.go:2887]  |            ::1|[42m 200 [0m|    145.357ms|   match|[44m GET     [0m /blog/friend-address/getFriendAddress   r:blogfriend-address/getFriendAddress
2021/08/19 15:42:12.237 [D] [server.go:2887]  |            ::1|[42m 200 [0m|   376.2295ms|   match|[44m GET     [0m /blog/article/list   r:blogarticle/list
2021/08/19 15:42:12.444 [D] [server.go:2887]  |            ::1|[42m 200 [0m|   579.7199ms|   match|[44m GET     [0m /blog/article/searchTag   r:blogarticle/searchTag
2021/08/19 15:42:17.760 [D] [requestlimit.go:89]  Too Many Requests from ::1 on /blog/article/list
2021/08/19 15:42:17.760 [D] [requestlimit.go:89]  Too Many Requests from ::1 on /blog/article/2
2021/08/19 15:42:17.760 [D] [server.go:2887]  |            ::1|[42m 200 [0m|    53.7463ms| nomatch|[44m GET     [0m /blog/article/list
2021/08/19 15:42:17.760 [D] [server.go:2887]  |            ::1|[42m 200 [0m|    54.4591ms| nomatch|[44m GET     [0m /blog/article/2
2021/08/19 15:42:22.186 [D] [requestlimit.go:89]  Too Many Requests from ::1 on /blog/music/list
2021/08/19 15:42:22.186 [D] [requestlimit.go:89]  Too Many Requests from ::1 on /blog/article/list
2021/08/19 15:42:22.187 [D] [server.go:2887]  |            ::1|[42m 200 [0m|    43.9918ms| nomatch|[44m GET     [0m /blog/music/list
2021/08/19 15:42:22.187 [D] [server.go:2887]  |            ::1|[42m 200 [0m|    44.8302ms| nomatch|[44m GET     [0m /blog/article/list
2021/08/19 15:42:22.191 [D] [requestlimit.go:89]  Too Many Requests from ::1 on /blog/article/2
2021/08/19 15:42:22.192 [D] [server.go:2887]  |            ::1|[42m 200 [0m|    51.0614ms| nomatch|[44m GET     [0m /blog/article/2
2021/08/19 15:42:30.152 [D] [server.go:2887]  |            ::1|[42m 200 [0m|     43.921ms|   match|[44m GET     [0m /blog/friend-address/getFriendAddress   r:blogfriend-address/getFriendAddress
2021/08/19 15:42:30.201 [D] [server.go:2887]  |            ::1|[42m 200 [0m|    92.8006ms|   match|[44m GET     [0m /blog/article/list   r:blogarticle/list
2021/08/19 15:42:30.247 [D] [server.go:2887]  |            ::1|[42m 200 [0m|   141.8898ms|   match|[44m GET     [0m /blog/article/list   r:blogarticle/list
2021/08/19 15:42:30.429 [D] [server.go:2887]  |            ::1|[42m 200 [0m|   321.0319ms|   match|[44m GET     [0m /blog/article/searchTag   r:blogarticle/searchTag
2021/08/19 15:42:36.527 [D] [server.go:2887]  |            ::1|[42m 200 [0m|    92.1117ms|   match|[44m GET     [0m /blog/article/list   r:blogarticle/list
2021/08/19 15:42:36.571 [D] [server.go:2887]  |            ::1|[42m 200 [0m|   136.8916ms|   match|[44m GET     [0m /blog/article/2   r:blogarticle/:id
2021/08/19 15:46:19.737 [D] [server.go:2887]  |            ::1|[42m 200 [0m|    87.5197ms|   match|[44m GET     [0m /blog/article/list   r:blogarticle/list
2021/08/19 15:46:19.784 [D] [server.go:2887]  |            ::1|[42m 200 [0m|   135.2381ms|   match|[44m GET     [0m /blog/article/2   r:blogarticle/:id
2021/08/20 10:37:20.758 [I] [asm_amd64.s:1371]  http server Running on http://:9696
2021/08/20 10:38:33.940 [D] [server.go:2887]  |            ::1|[42m 200 [0m|   136.9908ms|   match|[44m GET     [0m /blog/friend-address/getFriendAddress   r:blogfriend-address/getFriendAddress
2021/08/20 10:38:33.940 [D] [server.go:2887]  |            ::1|[42m 200 [0m|   136.8201ms|   match|[44m GET     [0m /blog/music/list   r:blogmusic/list
2021/08/20 10:38:33.949 [D] [server.go:2887]  |            ::1|[42m 200 [0m|   151.1442ms|   match|[44m GET     [0m /blog/article/list   r:blogarticle/list
2021/08/20 10:38:34.176 [D] [server.go:2887]  |            ::1|[42m 200 [0m|    376.403ms|   match|[44m GET     [0m /blog/article/list   r:blogarticle/list
2021/08/20 10:38:34.375 [D] [server.go:2887]  |            ::1|[42m 200 [0m|   575.0212ms|   match|[44m GET     [0m /blog/article/searchTag   r:blogarticle/searchTag
2021/08/20 10:38:53.392 [D] [server.go:2887]  |            ::1|[42m 200 [0m|    88.5792ms|   match|[44m GET     [0m /blog/article/searchTag   r:blogarticle/searchTag
2021/08/20 10:38:53.400 [D] [server.go:2887]  |            ::1|[42m 200 [0m|    97.1483ms|   match|[44m GET     [0m /blog/article/list   r:blogarticle/list
2021/08/20 10:38:53.666 [D] [server.go:2887]  |            ::1|[42m 200 [0m|   364.4673ms|   match|[44m GET     [0m /blog/article/search   r:blogarticle/search
